app/build/outputs/logs/manifest-merger-debug-report.txt
-- Merging decision tree log ---
manifest
ADDED from src\main\AndroidManifest.xml:2:1-147:12
	xmlns:android
		ADDED from src\main\AndroidManifest.xml:2:11-69
	package
		ADDED from src\main\AndroidManifest.xml:3:5-37
		INJECTED from src\main\AndroidManifest.xml
		INJECTED from src\main\AndroidManifest.xml
	android:versionName
		ADDED from src\main\AndroidManifest.xml:5:5-32
		INJECTED from src\main\AndroidManifest.xml
		INJECTED from src\main\AndroidManifest.xml
	android:versionCode
		ADDED from src\main\AndroidManifest.xml:4:5-29
		INJECTED from src\main\AndroidManifest.xml
		INJECTED from src\main\AndroidManifest.xml
uses-sdk
ADDED from src\main\AndroidManifest.xml:7:5-9:41
MERGED from [com.android.support:support-v4:23.1.1] AndroidManifest.xml:20:5-43
MERGED from [cn.trinea.android.common:trinea-android-common:4.2.15] AndroidManifest.xml:7:5-9:41
MERGED from [com.viewpagerindicator:viewpagerindicator:2.4.3] AndroidManifest.xml:7:5-9:41
MERGED from [com.android.support:support-v4:23.1.1] AndroidManifest.xml:20:5-43
	android:targetSdkVersion
		ADDED from src\main\AndroidManifest.xml:9:9-38
		INJECTED from src\main\AndroidManifest.xml
		INJECTED from src\main\AndroidManifest.xml
	android:minSdkVersion
		ADDED from src\main\AndroidManifest.xml:8:9-34
		INJECTED from src\main\AndroidManifest.xml
		INJECTED from src\main\AndroidManifest.xml
uses-permission#android.permission.INTERNET
ADDED from src\main\AndroidManifest.xml:11:6-66
	android:name
		ADDED from src\main\AndroidManifest.xml:11:23-65
uses-permission#android.permission.ACCESS_NETWORK_STATE
ADDED from src\main\AndroidManifest.xml:12:5-79
	android:name
		ADDED from src\main\AndroidManifest.xml:12:22-76
uses-permission#android.permission.WRITE_EXTERNAL_STORAGE
ADDED from src\main\AndroidManifest.xml:13:5-81
	android:name
		ADDED from src\main\AndroidManifest.xml:13:22-78
uses-permission#android.permission.BROADCAST_STICKY
ADDED from src\main\AndroidManifest.xml:14:5-75
	android:name
		ADDED from src\main\AndroidManifest.xml:14:22-72
uses-permission#android.permission.DOWNLOAD_WITHOUT_NOTIFICATION
ADDED from src\main\AndroidManifest.xml:15:5-88
	android:name
		ADDED from src\main\AndroidManifest.xml:15:22-85
application
ADDED from src\main\AndroidManifest.xml:17:5-145:19
MERGED from [com.android.support:support-v4:23.1.1] AndroidManifest.xml:22:5-20
MERGED from [cn.trinea.android.common:trinea-android-common:4.2.15] AndroidManifest.xml:11:5-12:19
MERGED from [com.android.support:support-v4:23.1.1] AndroidManifest.xml:22:5-20
	android:label
		ADDED from src\main\AndroidManifest.xml:20:9-41
	android:allowBackup
		ADDED from src\main\AndroidManifest.xml:18:9-35
	android:icon
		ADDED from src\main\AndroidManifest.xml:19:9-38
	android:theme
		ADDED from src\main\AndroidManifest.xml:21:9-40
service#cn.trinea.android.demo.MyService
ADDED from src\main\AndroidManifest.xml:22:9-46
	android:name
		ADDED from src\main\AndroidManifest.xml:22:18-43
service#cn.trinea.android.demo.MyIntentService
ADDED from src\main\AndroidManifest.xml:23:9-52
	android:name
		ADDED from src\main\AndroidManifest.xml:23:18-49
service#cn.trinea.android.demo.MyAIDLService
ADDED from src\main\AndroidManifest.xml:24:9-28:19
	android:name
		ADDED from src\main\AndroidManifest.xml:24:18-47
intent-filter#cn.trinea.android.demo.remote.MyAIDLServiceAction
ADDED from src\main\AndroidManifest.xml:25:13-27:29
action#cn.trinea.android.demo.remote.MyAIDLServiceAction
ADDED from src\main\AndroidManifest.xml:26:17-92
	android:name
		ADDED from src\main\AndroidManifest.xml:26:25-89
activity#cn.trinea.android.demo.MainActivity
ADDED from src\main\AndroidManifest.xml:30:9-50:20
	android:label
		ADDED from src\main\AndroidManifest.xml:33:13-45
	android:configChanges
		ADDED from src\main\AndroidManifest.xml:32:13-63
	android:theme
		ADDED from src\main\AndroidManifest.xml:34:13-44
	android:name
		ADDED from src\main\AndroidManifest.xml:31:13-41
intent-filter#android.intent.action.MAIN+android.intent.category.LAUNCHER
ADDED from src\main\AndroidManifest.xml:35:13-39:29
action#android.intent.action.MAIN
ADDED from src\main\AndroidManifest.xml:36:17-69
	android:name
		ADDED from src\main\AndroidManifest.xml:36:25-66
category#android.intent.category.LAUNCHER
ADDED from src\main\AndroidManifest.xml:38:17-77
	android:name
		ADDED from src\main\AndroidManifest.xml:38:27-74
intent-filter#android.intent.action.VIEW+android.intent.category.BROWSABLE+android.intent.category.DEFAULT
ADDED from src\main\AndroidManifest.xml:40:13-49:29
action#android.intent.action.VIEW
ADDED from src\main\AndroidManifest.xml:41:17-69
	android:name
		ADDED from src\main\AndroidManifest.xml:41:25-66
category#android.intent.category.DEFAULT
ADDED from src\main\AndroidManifest.xml:43:17-76
	android:name
		ADDED from src\main\AndroidManifest.xml:43:27-73
category#android.intent.category.BROWSABLE
ADDED from src\main\AndroidManifest.xml:44:17-78
	android:name
		ADDED from src\main\AndroidManifest.xml:44:27-75
data
ADDED from src\main\AndroidManifest.xml:46:17-48:47
	android:host
		ADDED from src\main\AndroidManifest.xml:47:21-48
	android:scheme
		ADDED from src\main\AndroidManifest.xml:48:21-44
activity#cn.trinea.android.demo.DownloadManagerDemo
ADDED from src\main\AndroidManifest.xml:51:9-63:20
	android:label
		ADDED from src\main\AndroidManifest.xml:54:13-73
	android:configChanges
		ADDED from src\main\AndroidManifest.xml:53:13-63
	android:theme
		ADDED from src\main\AndroidManifest.xml:55:13-44
	android:name
		ADDED from src\main\AndroidManifest.xml:52:13-48
intent-filter#android.intent.action.VIEW+android.intent.category.DEFAULT
ADDED from src\main\AndroidManifest.xml:56:13-62:29
activity#cn.trinea.android.demo.ImageSDCardCacheDemo
ADDED from src\main\AndroidManifest.xml:64:9-69:20
	android:label
		ADDED from src\main\AndroidManifest.xml:67:13-73
	android:configChanges
		ADDED from src\main\AndroidManifest.xml:66:13-63
	android:theme
		ADDED from src\main\AndroidManifest.xml:68:13-44
	android:name
		ADDED from src\main\AndroidManifest.xml:65:13-49
activity#cn.trinea.android.demo.HttpCacheDemo
ADDED from src\main\AndroidManifest.xml:70:9-75:20
	android:label
		ADDED from src\main\AndroidManifest.xml:73:13-66
	android:configChanges
		ADDED from src\main\AndroidManifest.xml:72:13-63
	android:theme
		ADDED from src\main\AndroidManifest.xml:74:13-44
	android:name
		ADDED from src\main\AndroidManifest.xml:71:13-42
activity#cn.trinea.android.demo.ImageCacheDemo
ADDED from src\main\AndroidManifest.xml:76:9-81:20
	android:label
		ADDED from src\main\AndroidManifest.xml:79:13-67
	android:configChanges
		ADDED from src\main\AndroidManifest.xml:78:13-63
	android:theme
		ADDED from src\main\AndroidManifest.xml:80:13-44
	android:name
		ADDED from src\main\AndroidManifest.xml:77:13-43
activity#cn.trinea.android.demo.DropDownListViewDemo
ADDED from src\main\AndroidManifest.xml:82:9-87:20
	android:label
		ADDED from src\main\AndroidManifest.xml:85:13-73
	android:configChanges
		ADDED from src\main\AndroidManifest.xml:84:13-63
	android:theme
		ADDED from src\main\AndroidManifest.xml:86:13-44
	android:name
		ADDED from src\main\AndroidManifest.xml:83:13-49
activity#cn.trinea.android.demo.AutoScrollViewPagerDemo
ADDED from src\main\AndroidManifest.xml:88:9-93:20
	android:label
		ADDED from src\main\AndroidManifest.xml:91:13-74
	android:configChanges
		ADDED from src\main\AndroidManifest.xml:90:13-63
	android:theme
		ADDED from src\main\AndroidManifest.xml:92:13-44
	android:name
		ADDED from src\main\AndroidManifest.xml:89:13-52
activity#cn.trinea.android.demo.AutoScrollViewPagerInnerDemo
ADDED from src\main\AndroidManifest.xml:94:9-99:20
	android:label
		ADDED from src\main\AndroidManifest.xml:97:13-80
	android:configChanges
		ADDED from src\main\AndroidManifest.xml:96:13-63
	android:theme
		ADDED from src\main\AndroidManifest.xml:98:13-44
	android:name
		ADDED from src\main\AndroidManifest.xml:95:13-57
activity#cn.trinea.android.demo.BorderScrollViewDemo
ADDED from src\main\AndroidManifest.xml:100:9-105:20
	android:label
		ADDED from src\main\AndroidManifest.xml:103:13-73
	android:configChanges
		ADDED from src\main\AndroidManifest.xml:102:13-63
	android:theme
		ADDED from src\main\AndroidManifest.xml:104:13-44
	android:name
		ADDED from src\main\AndroidManifest.xml:101:13-49
activity#cn.trinea.android.demo.SearchViewDemo
ADDED from src\main\AndroidManifest.xml:106:9-111:20
	android:label
		ADDED from src\main\AndroidManifest.xml:109:13-68
	android:configChanges
		ADDED from src\main\AndroidManifest.xml:108:13-63
	android:theme
		ADDED from src\main\AndroidManifest.xml:110:13-44
	android:name
		ADDED from src\main\AndroidManifest.xml:107:13-43
activity#cn.trinea.android.demo.ViewPagerMulTiFragmentDemo
ADDED from src\main\AndroidManifest.xml:112:9-117:20
	android:label
		ADDED from src\main\AndroidManifest.xml:115:13-82
	android:configChanges
		ADDED from src\main\AndroidManifest.xml:114:13-63
	android:theme
		ADDED from src\main\AndroidManifest.xml:116:13-44
	android:name
		ADDED from src\main\AndroidManifest.xml:113:13-55
activity#cn.trinea.android.demo.SlideOnePageGalleryDemo
ADDED from src\main\AndroidManifest.xml:118:9-123:20
	android:label
		ADDED from src\main\AndroidManifest.xml:121:13-79
	android:configChanges
		ADDED from src\main\AndroidManifest.xml:120:13-63
	android:theme
		ADDED from src\main\AndroidManifest.xml:122:13-44
	android:name
		ADDED from src\main\AndroidManifest.xml:119:13-52
activity#cn.trinea.android.demo.ViewPagerDemo
ADDED from src\main\AndroidManifest.xml:124:9-129:20
	android:label
		ADDED from src\main\AndroidManifest.xml:127:13-67
	android:configChanges
		ADDED from src\main\AndroidManifest.xml:126:13-63
	android:theme
		ADDED from src\main\AndroidManifest.xml:128:13-44
	android:name
		ADDED from src\main\AndroidManifest.xml:125:13-42
activity#cn.trinea.android.demo.BroadcastReceiverDemo
ADDED from src\main\AndroidManifest.xml:130:9-135:20
	android:label
		ADDED from src\main\AndroidManifest.xml:133:13-74
	android:configChanges
		ADDED from src\main\AndroidManifest.xml:132:13-63
	android:theme
		ADDED from src\main\AndroidManifest.xml:134:13-44
	android:name
		ADDED from src\main\AndroidManifest.xml:131:13-50
activity#cn.trinea.android.demo.ServiceDemo
ADDED from src\main\AndroidManifest.xml:136:9-141:20
	android:label
		ADDED from src\main\AndroidManifest.xml:139:13-64
	android:configChanges
		ADDED from src\main\AndroidManifest.xml:138:13-63
	android:theme
		ADDED from src\main\AndroidManifest.xml:140:13-44
	android:name
		ADDED from src\main\AndroidManifest.xml:137:13-40
activity#com.google.ads.AdActivity
ADDED from src\main\AndroidManifest.xml:142:9-144:125
	android:configChanges
		ADDED from src\main\AndroidManifest.xml:144:13-122
	android:name
		ADDED from src\main\AndroidManifest.xml:143:13-53